<?xml version="1.0" encoding="UTF-8"?>
<!-- Generated by org.testng.reporters.JUnitReportReporter -->
<testsuite skipped="0" hostname="DESKTOP-KSQ6RIJ" name="Test_Execution.Execution" tests="3" failures="0" timestamp="2022-07-08T12:44:46 IST" time="13.805" errors="0">
  <testcase name="ForLogin" time="1.218" classname="Test_Execution.Execution"/>
  <system-out/>
  <testcase name="ForWishList" time="2.643" classname="Test_Execution.Execution"/>
  <system-out/>
  <testcase name="stock" time="9.944" classname="Test_Execution.Execution"/>
  <system-out/>
</testsuite> <!-- Test_Execution.Execution -->
